Determining if the pthread_create exist failed with the following output:
Change Dir: /media/eagleone/Data/Git Projects/CG/p1/build/CMakeFiles/CMakeTmp

Run Build Command:/usr/bin/make "cmTryCompileExec3764514671/fast"
/usr/bin/make -f CMakeFiles/cmTryCompileExec3764514671.dir/build.make CMakeFiles/cmTryCompileExec3764514671.dir/build
make[1]: Entering directory `/media/eagleone/Data/Git Projects/CG/p1/build/CMakeFiles/CMakeTmp'
/usr/bin/cmake -E cmake_progress_report "/media/eagleone/Data/Git Projects/CG/p1/build/CMakeFiles/CMakeTmp/CMakeFiles" 1
Building C object CMakeFiles/cmTryCompileExec3764514671.dir/CheckSymbolExists.c.o
/usr/bin/cc    -o CMakeFiles/cmTryCompileExec3764514671.dir/CheckSymbolExists.c.o   -c "/media/eagleone/Data/Git Projects/CG/p1/build/CMakeFiles/CMakeTmp/CheckSymbolExists.c"
Linking C executable cmTryCompileExec3764514671
/usr/bin/cmake -E cmake_link_script CMakeFiles/cmTryCompileExec3764514671.dir/link.txt --verbose=1
/usr/bin/cc         CMakeFiles/cmTryCompileExec3764514671.dir/CheckSymbolExists.c.o  -o cmTryCompileExec3764514671 -rdynamic 
CMakeFiles/cmTryCompileExec3764514671.dir/CheckSymbolExists.c.o: In function `main':
CheckSymbolExists.c:(.text+0x16): undefined reference to `pthread_create'
collect2: error: ld returned 1 exit status
make[1]: *** [cmTryCompileExec3764514671] Error 1
make[1]: Leaving directory `/media/eagleone/Data/Git Projects/CG/p1/build/CMakeFiles/CMakeTmp'
make: *** [cmTryCompileExec3764514671/fast] Error 2

File /media/eagleone/Data/Git Projects/CG/p1/build/CMakeFiles/CMakeTmp/CheckSymbolExists.c:
/* */
#include <pthread.h>

int main(int argc, char** argv)
{
  (void)argv;
#ifndef pthread_create
  return ((int*)(&pthread_create))[argc];
#else
  (void)argc;
  return 0;
#endif
}

Determining if the function pthread_create exists in the pthreads failed with the following output:
Change Dir: /media/eagleone/Data/Git Projects/CG/p1/build/CMakeFiles/CMakeTmp

Run Build Command:/usr/bin/make "cmTryCompileExec908932041/fast"
/usr/bin/make -f CMakeFiles/cmTryCompileExec908932041.dir/build.make CMakeFiles/cmTryCompileExec908932041.dir/build
make[1]: Entering directory `/media/eagleone/Data/Git Projects/CG/p1/build/CMakeFiles/CMakeTmp'
/usr/bin/cmake -E cmake_progress_report "/media/eagleone/Data/Git Projects/CG/p1/build/CMakeFiles/CMakeTmp/CMakeFiles" 1
Building C object CMakeFiles/cmTryCompileExec908932041.dir/CheckFunctionExists.c.o
/usr/bin/cc   -DCHECK_FUNCTION_EXISTS=pthread_create   -o CMakeFiles/cmTryCompileExec908932041.dir/CheckFunctionExists.c.o   -c /usr/share/cmake-2.8/Modules/CheckFunctionExists.c
Linking C executable cmTryCompileExec908932041
/usr/bin/cmake -E cmake_link_script CMakeFiles/cmTryCompileExec908932041.dir/link.txt --verbose=1
/usr/bin/cc     -DCHECK_FUNCTION_EXISTS=pthread_create    CMakeFiles/cmTryCompileExec908932041.dir/CheckFunctionExists.c.o  -o cmTryCompileExec908932041 -rdynamic -lpthreads 
/usr/bin/ld: cannot find -lpthreads
collect2: error: ld returned 1 exit status
make[1]: *** [cmTryCompileExec908932041] Error 1
make[1]: Leaving directory `/media/eagleone/Data/Git Projects/CG/p1/build/CMakeFiles/CMakeTmp'
make: *** [cmTryCompileExec908932041/fast] Error 2


